[2026-01-14T12:45:46.384+0000] {taskinstance.py:1159} INFO - Dependencies all met for dep_context=non-requeueable deps ti=<TaskInstance: drift_retrain_register.register_model manual__2026-01-14T12:45:15.827824+00:00 [queued]>
[2026-01-14T12:45:46.392+0000] {taskinstance.py:1159} INFO - Dependencies all met for dep_context=requeueable deps ti=<TaskInstance: drift_retrain_register.register_model manual__2026-01-14T12:45:15.827824+00:00 [queued]>
[2026-01-14T12:45:46.392+0000] {taskinstance.py:1361} INFO - Starting attempt 1 of 1
[2026-01-14T12:45:46.407+0000] {taskinstance.py:1382} INFO - Executing <Task(BashOperator): register_model> on 2026-01-14 12:45:15.827824+00:00
[2026-01-14T12:45:46.413+0000] {standard_task_runner.py:57} INFO - Started process 1281 to run task
[2026-01-14T12:45:46.416+0000] {standard_task_runner.py:84} INFO - Running: ['***', 'tasks', 'run', 'drift_retrain_register', 'register_model', 'manual__2026-01-14T12:45:15.827824+00:00', '--job-id', '54', '--raw', '--subdir', 'DAGS_FOLDER/drift_retrain_register_dag.py', '--cfg-path', '/tmp/tmphfk569bi']
[2026-01-14T12:45:46.419+0000] {standard_task_runner.py:85} INFO - Job 54: Subtask register_model
[2026-01-14T12:45:46.480+0000] {task_command.py:416} INFO - Running <TaskInstance: drift_retrain_register.register_model manual__2026-01-14T12:45:15.827824+00:00 [running]> on host c99f43e44d79
[2026-01-14T12:45:46.560+0000] {taskinstance.py:1662} INFO - Exporting env vars: AIRFLOW_CTX_DAG_OWNER='***' AIRFLOW_CTX_DAG_ID='drift_retrain_register' AIRFLOW_CTX_TASK_ID='register_model' AIRFLOW_CTX_EXECUTION_DATE='2026-01-14T12:45:15.827824+00:00' AIRFLOW_CTX_TRY_NUMBER='1' AIRFLOW_CTX_DAG_RUN_ID='manual__2026-01-14T12:45:15.827824+00:00'
[2026-01-14T12:45:46.561+0000] {subprocess.py:63} INFO - Tmp dir root location: /tmp
[2026-01-14T12:45:46.562+0000] {subprocess.py:75} INFO - Running command: ['/bin/bash', '-c', 'python /opt/***/scripts/register_mlflow.py']
[2026-01-14T12:45:46.575+0000] {subprocess.py:86} INFO - Output:
[2026-01-14T12:45:48.647+0000] {subprocess.py:93} INFO - 2026/01/14 12:45:48 INFO mlflow.store.model_registry.abstract_store: Waiting up to 300 seconds for model version to finish creation. Model name: diamonds_price_regressor, version 1
[2026-01-14T12:45:48.666+0000] {subprocess.py:93} INFO - /opt/***/scripts/register_mlflow.py:24: FutureWarning: ``mlflow.tracking.client.MlflowClient.transition_model_version_stage`` is deprecated since 2.9.0. Model registry stages will be removed in a future major release. To learn more about the deprecation of model registry stages, see our migration guide here: https://mlflow.org/docs/2.9.2/model-registry.html#migrating-from-stages
[2026-01-14T12:45:48.666+0000] {subprocess.py:93} INFO -   client.transition_model_version_stage(
[2026-01-14T12:45:48.667+0000] {subprocess.py:93} INFO - model_name=diamonds_price_regressor version=1 stage=Staging
[2026-01-14T12:45:48.853+0000] {subprocess.py:97} INFO - Command exited with return code 0
[2026-01-14T12:45:48.884+0000] {taskinstance.py:1400} INFO - Marking task as SUCCESS. dag_id=drift_retrain_register, task_id=register_model, execution_date=20260114T124515, start_date=20260114T124546, end_date=20260114T124548
[2026-01-14T12:45:48.916+0000] {local_task_job_runner.py:228} INFO - Task exited with return code 0
[2026-01-14T12:45:48.935+0000] {taskinstance.py:2778} INFO - 0 downstream tasks scheduled from follow-on schedule check
