[2026-01-14T12:58:23.660+0000] {taskinstance.py:1159} INFO - Dependencies all met for dep_context=non-requeueable deps ti=<TaskInstance: drift_retrain_register.register_model manual__2026-01-14T12:57:51.331985+00:00 [queued]>
[2026-01-14T12:58:23.669+0000] {taskinstance.py:1159} INFO - Dependencies all met for dep_context=requeueable deps ti=<TaskInstance: drift_retrain_register.register_model manual__2026-01-14T12:57:51.331985+00:00 [queued]>
[2026-01-14T12:58:23.670+0000] {taskinstance.py:1361} INFO - Starting attempt 1 of 1
[2026-01-14T12:58:23.683+0000] {taskinstance.py:1382} INFO - Executing <Task(BashOperator): register_model> on 2026-01-14 12:57:51.331985+00:00
[2026-01-14T12:58:23.689+0000] {standard_task_runner.py:57} INFO - Started process 2217 to run task
[2026-01-14T12:58:23.693+0000] {standard_task_runner.py:84} INFO - Running: ['***', 'tasks', 'run', 'drift_retrain_register', 'register_model', 'manual__2026-01-14T12:57:51.331985+00:00', '--job-id', '64', '--raw', '--subdir', 'DAGS_FOLDER/drift_retrain_register_dag.py', '--cfg-path', '/tmp/tmpp78gimht']
[2026-01-14T12:58:23.696+0000] {standard_task_runner.py:85} INFO - Job 64: Subtask register_model
[2026-01-14T12:58:23.758+0000] {task_command.py:416} INFO - Running <TaskInstance: drift_retrain_register.register_model manual__2026-01-14T12:57:51.331985+00:00 [running]> on host c99f43e44d79
[2026-01-14T12:58:23.853+0000] {taskinstance.py:1662} INFO - Exporting env vars: AIRFLOW_CTX_DAG_OWNER='***' AIRFLOW_CTX_DAG_ID='drift_retrain_register' AIRFLOW_CTX_TASK_ID='register_model' AIRFLOW_CTX_EXECUTION_DATE='2026-01-14T12:57:51.331985+00:00' AIRFLOW_CTX_TRY_NUMBER='1' AIRFLOW_CTX_DAG_RUN_ID='manual__2026-01-14T12:57:51.331985+00:00'
[2026-01-14T12:58:23.854+0000] {subprocess.py:63} INFO - Tmp dir root location: /tmp
[2026-01-14T12:58:23.856+0000] {subprocess.py:75} INFO - Running command: ['/bin/bash', '-c', 'python /opt/***/scripts/register_mlflow.py']
[2026-01-14T12:58:23.873+0000] {subprocess.py:86} INFO - Output:
[2026-01-14T12:58:26.006+0000] {subprocess.py:93} INFO - 2026/01/14 12:58:26 INFO mlflow.store.model_registry.abstract_store: Waiting up to 300 seconds for model version to finish creation. Model name: diamonds_price_regressor, version 3
[2026-01-14T12:58:26.023+0000] {subprocess.py:93} INFO - /opt/***/scripts/register_mlflow.py:24: FutureWarning: ``mlflow.tracking.client.MlflowClient.transition_model_version_stage`` is deprecated since 2.9.0. Model registry stages will be removed in a future major release. To learn more about the deprecation of model registry stages, see our migration guide here: https://mlflow.org/docs/2.9.2/model-registry.html#migrating-from-stages
[2026-01-14T12:58:26.023+0000] {subprocess.py:93} INFO -   client.transition_model_version_stage(
[2026-01-14T12:58:26.023+0000] {subprocess.py:93} INFO - model_name=diamonds_price_regressor version=3 stage=Staging
[2026-01-14T12:58:26.208+0000] {subprocess.py:97} INFO - Command exited with return code 0
[2026-01-14T12:58:26.240+0000] {taskinstance.py:1400} INFO - Marking task as SUCCESS. dag_id=drift_retrain_register, task_id=register_model, execution_date=20260114T125751, start_date=20260114T125823, end_date=20260114T125826
[2026-01-14T12:58:26.274+0000] {local_task_job_runner.py:228} INFO - Task exited with return code 0
[2026-01-14T12:58:26.292+0000] {taskinstance.py:2778} INFO - 0 downstream tasks scheduled from follow-on schedule check
