[2026-01-14T11:03:04.268+0000] {taskinstance.py:1159} INFO - Dependencies all met for dep_context=non-requeueable deps ti=<TaskInstance: drift_retrain_register.train_model scheduled__2026-01-13T00:00:00+00:00 [queued]>
[2026-01-14T11:03:04.276+0000] {taskinstance.py:1159} INFO - Dependencies all met for dep_context=requeueable deps ti=<TaskInstance: drift_retrain_register.train_model scheduled__2026-01-13T00:00:00+00:00 [queued]>
[2026-01-14T11:03:04.276+0000] {taskinstance.py:1361} INFO - Starting attempt 1 of 1
[2026-01-14T11:03:04.288+0000] {taskinstance.py:1382} INFO - Executing <Task(BashOperator): train_model> on 2026-01-13 00:00:00+00:00
[2026-01-14T11:03:04.295+0000] {standard_task_runner.py:57} INFO - Started process 303 to run task
[2026-01-14T11:03:04.298+0000] {standard_task_runner.py:84} INFO - Running: ['***', 'tasks', 'run', 'drift_retrain_register', 'train_model', 'scheduled__2026-01-13T00:00:00+00:00', '--job-id', '5', '--raw', '--subdir', 'DAGS_FOLDER/drift_retrain_register_dag.py', '--cfg-path', '/tmp/tmpkhpjd1zo']
[2026-01-14T11:03:04.301+0000] {standard_task_runner.py:85} INFO - Job 5: Subtask train_model
[2026-01-14T11:03:04.361+0000] {task_command.py:416} INFO - Running <TaskInstance: drift_retrain_register.train_model scheduled__2026-01-13T00:00:00+00:00 [running]> on host da1b1820e40e
[2026-01-14T11:03:04.435+0000] {taskinstance.py:1662} INFO - Exporting env vars: AIRFLOW_CTX_DAG_OWNER='***' AIRFLOW_CTX_DAG_ID='drift_retrain_register' AIRFLOW_CTX_TASK_ID='train_model' AIRFLOW_CTX_EXECUTION_DATE='2026-01-13T00:00:00+00:00' AIRFLOW_CTX_TRY_NUMBER='1' AIRFLOW_CTX_DAG_RUN_ID='scheduled__2026-01-13T00:00:00+00:00'
[2026-01-14T11:03:04.436+0000] {subprocess.py:63} INFO - Tmp dir root location: /tmp
[2026-01-14T11:03:04.437+0000] {subprocess.py:75} INFO - Running command: ['/bin/bash', '-c', 'python /opt/***/scripts/train_pycaret.py']
[2026-01-14T11:03:04.449+0000] {subprocess.py:86} INFO - Output:
[2026-01-14T11:03:07.782+0000] {subprocess.py:93} INFO - Traceback (most recent call last):
[2026-01-14T11:03:07.783+0000] {subprocess.py:93} INFO -   File "/opt/***/scripts/train_pycaret.py", line 8, in <module>
[2026-01-14T11:03:07.783+0000] {subprocess.py:93} INFO -     from pycaret.regression import (
[2026-01-14T11:03:07.783+0000] {subprocess.py:93} INFO -   File "/home/***/.local/lib/python3.8/site-packages/pycaret/regression/__init__.py", line 1, in <module>
[2026-01-14T11:03:07.784+0000] {subprocess.py:93} INFO -     from pycaret.regression.functional import (
[2026-01-14T11:03:07.784+0000] {subprocess.py:93} INFO -   File "/home/***/.local/lib/python3.8/site-packages/pycaret/regression/functional.py", line 10, in <module>
[2026-01-14T11:03:07.784+0000] {subprocess.py:93} INFO -     from pycaret.regression.oop import RegressionExperiment
[2026-01-14T11:03:07.785+0000] {subprocess.py:93} INFO -   File "/home/***/.local/lib/python3.8/site-packages/pycaret/regression/oop.py", line 23, in <module>
[2026-01-14T11:03:07.785+0000] {subprocess.py:93} INFO -     from pycaret.internal.pycaret_experiment.non_ts_supervised_experiment import (
[2026-01-14T11:03:07.785+0000] {subprocess.py:93} INFO -   File "/home/***/.local/lib/python3.8/site-packages/pycaret/internal/pycaret_experiment/non_ts_supervised_experiment.py", line 3, in <module>
[2026-01-14T11:03:07.786+0000] {subprocess.py:93} INFO -     from pycaret.internal.pycaret_experiment.supervised_experiment import (
[2026-01-14T11:03:07.786+0000] {subprocess.py:93} INFO -   File "/home/***/.local/lib/python3.8/site-packages/pycaret/internal/pycaret_experiment/supervised_experiment.py", line 57, in <module>
[2026-01-14T11:03:07.786+0000] {subprocess.py:93} INFO -     from pycaret.internal.pycaret_experiment.tabular_experiment import _TabularExperiment
[2026-01-14T11:03:07.786+0000] {subprocess.py:93} INFO -   File "/home/***/.local/lib/python3.8/site-packages/pycaret/internal/pycaret_experiment/tabular_experiment.py", line 29, in <module>
[2026-01-14T11:03:07.787+0000] {subprocess.py:93} INFO -     from pycaret.internal.memory import get_memory
[2026-01-14T11:03:07.787+0000] {subprocess.py:93} INFO -   File "/home/***/.local/lib/python3.8/site-packages/pycaret/internal/memory.py", line 25, in <module>
[2026-01-14T11:03:07.787+0000] {subprocess.py:93} INFO -     from joblib.memory import (
[2026-01-14T11:03:07.787+0000] {subprocess.py:93} INFO - ImportError: cannot import name '_format_load_msg' from 'joblib.memory' (/home/***/.local/lib/python3.8/site-packages/joblib/memory.py)
[2026-01-14T11:03:08.167+0000] {subprocess.py:97} INFO - Command exited with return code 1
[2026-01-14T11:03:08.181+0000] {taskinstance.py:1937} ERROR - Task failed with exception
Traceback (most recent call last):
  File "/home/airflow/.local/lib/python3.8/site-packages/airflow/operators/bash.py", line 210, in execute
    raise AirflowException(
airflow.exceptions.AirflowException: Bash command failed. The command returned a non-zero exit code 1.
[2026-01-14T11:03:08.184+0000] {taskinstance.py:1400} INFO - Marking task as FAILED. dag_id=drift_retrain_register, task_id=train_model, execution_date=20260113T000000, start_date=20260114T110304, end_date=20260114T110308
[2026-01-14T11:03:08.197+0000] {standard_task_runner.py:104} ERROR - Failed to execute job 5 for task train_model (Bash command failed. The command returned a non-zero exit code 1.; 303)
[2026-01-14T11:03:08.243+0000] {local_task_job_runner.py:228} INFO - Task exited with return code 1
[2026-01-14T11:03:08.266+0000] {taskinstance.py:2778} INFO - 0 downstream tasks scheduled from follow-on schedule check
